<?xml version="1.0" encoding="UTF-8"?>
<testng-results ignored="0" total="6" passed="6" failed="0" skipped="0">
  <reporter-output>
  </reporter-output>
  <suite started-at="2020-07-22T14:59:51 PDT" name="Default suite" finished-at="2020-07-22T14:59:51 PDT" duration-ms="39">
    <groups>
    </groups>
    <test started-at="2020-07-22T14:59:51 PDT" name="Default test" finished-at="2020-07-22T14:59:51 PDT" duration-ms="39">
      <class name="sample.SampleTest">
        <test-method signature="BubbleSort()[pri:0, instance:sample.SampleTest@157632c9]" started-at="2020-07-22T14:59:51 PDT" name="BubbleSort" finished-at="2020-07-22T14:59:51 PDT" duration-ms="5" status="PASS">
          <reporter-output>
          </reporter-output>
        </test-method> <!-- BubbleSort -->
        <test-method signature="countNumbersOfLetters()[pri:0, instance:sample.SampleTest@157632c9]" started-at="2020-07-22T14:59:51 PDT" name="countNumbersOfLetters" finished-at="2020-07-22T14:59:51 PDT" duration-ms="0" status="PASS">
          <reporter-output>
          </reporter-output>
        </test-method> <!-- countNumbersOfLetters -->
        <test-method signature="isPalindrime()[pri:0, instance:sample.SampleTest@157632c9]" started-at="2020-07-22T14:59:51 PDT" name="isPalindrime" finished-at="2020-07-22T14:59:51 PDT" duration-ms="1" status="PASS">
          <reporter-output>
          </reporter-output>
        </test-method> <!-- isPalindrime -->
        <test-method signature="printPatten()[pri:0, instance:sample.SampleTest@157632c9]" started-at="2020-07-22T14:59:51 PDT" name="printPatten" finished-at="2020-07-22T14:59:51 PDT" duration-ms="1" status="PASS">
          <reporter-output>
          </reporter-output>
        </test-method> <!-- printPatten -->
        <test-method signature="removeJunkCharacters()[pri:0, instance:sample.SampleTest@157632c9]" started-at="2020-07-22T14:59:51 PDT" name="removeJunkCharacters" finished-at="2020-07-22T14:59:51 PDT" duration-ms="2" status="PASS">
          <reporter-output>
          </reporter-output>
        </test-method> <!-- removeJunkCharacters -->
        <test-method signature="uniqueNumbersList()[pri:0, instance:sample.SampleTest@157632c9]" started-at="2020-07-22T14:59:51 PDT" name="uniqueNumbersList" finished-at="2020-07-22T14:59:51 PDT" duration-ms="2" status="PASS">
          <reporter-output>
          </reporter-output>
        </test-method> <!-- uniqueNumbersList -->
      </class> <!-- sample.SampleTest -->
    </test> <!-- Default test -->
  </suite> <!-- Default suite -->
</testng-results>
