<?xml version="1.0" encoding="UTF-8"?>
<testng-results ignored="0" total="1" passed="1" failed="0" skipped="0">
  <reporter-output>
  </reporter-output>
  <suite started-at="2020-07-23T00:03:54 PDT" name="Default suite" finished-at="2020-07-23T00:03:58 PDT" duration-ms="3262">
    <groups>
    </groups>
    <test started-at="2020-07-23T00:03:54 PDT" name="Default test" finished-at="2020-07-23T00:03:58 PDT" duration-ms="3262">
      <class name="sample.WebTest">
        <test-method signature="amazonHomePageTest()[pri:0, instance:sample.WebTest@4ae3c1cd]" started-at="2020-07-23T00:03:54 PDT" name="amazonHomePageTest" finished-at="2020-07-23T00:03:58 PDT" duration-ms="3242" status="PASS">
          <reporter-output>
          </reporter-output>
        </test-method> <!-- amazonHomePageTest -->
      </class> <!-- sample.WebTest -->
    </test> <!-- Default test -->
  </suite> <!-- Default suite -->
</testng-results>
