<?xml version="1.0" encoding="UTF-8"?>
<!-- Generated by org.testng.reporters.JUnitXMLReporter -->
<testsuite ignored="0" hostname="MacBook-Pro.local" failures="0" tests="6" name="Default test" time="0.039" errors="0" timestamp="2020-07-22T14:59:56 PDT">
  <testcase classname="sample.SampleTest" name="BubbleSort" time="0.005"/>
  <testcase classname="sample.SampleTest" name="countNumbersOfLetters" time="0.0"/>
  <testcase classname="sample.SampleTest" name="isPalindrime" time="0.001"/>
  <testcase classname="sample.SampleTest" name="printPatten" time="0.001"/>
  <testcase classname="sample.SampleTest" name="removeJunkCharacters" time="0.002"/>
  <testcase classname="sample.SampleTest" name="uniqueNumbersList" time="0.002"/>
</testsuite> <!-- Default test -->
